<!-- 2 Sources 3 Reactors -->

<simulation>
  <control>
    <duration>50</duration>
    <startmonth>1</startmonth>
    <startyear>2000</startyear>
    <explicit_inventory>true</explicit_inventory>
    <explicit_inventory_compact>true</explicit_inventory_compact>
  </control>

  <archetypes>
    <spec>
      <lib>cycamore</lib>
      <name>Source</name>
    </spec>
    <spec>
      <lib>cycamore</lib>
      <name>Reactor</name>
    </spec>
    <spec>
      <lib>agents</lib>
      <name>NullRegion</name>
    </spec>
    <spec>
      <lib>cycamore</lib>
      <name>DeployInst</name>
    </spec>
  </archetypes>

  <facility>
    <name>UOX_Source</name>
    <config>
      <Source>
        <outcommod>uox</outcommod>
        <outrecipe>uox_fuel_recipe</outrecipe>
        <throughput>2.5</throughput>
      </Source>
    </config>
  </facility>

  <facility>
    <name>MOX_Source</name>
    <config>
      <Source>
        <outcommod>mox</outcommod>
        <outrecipe>mox_fuel_recipe</outrecipe>
        <throughput>2.5</throughput>
      </Source>
    </config>
  </facility>

  <facility>
    <name>Reactor1</name>
    <lifetime>5</lifetime>  
    <config>
      <Reactor>
        <fuel_incommods>
          <val>uox</val>
          <val>mox</val>
        </fuel_incommods>
        <fuel_inrecipes>
          <val>uox_fuel_recipe</val>
          <val>mox_fuel_recipe</val>
        </fuel_inrecipes>
        <fuel_outcommods>
          <val>waste</val>
          <val>waste</val>
        </fuel_outcommods>
        <fuel_outrecipes>
          <val>uox_used_fuel_recipe</val>
          <val>mox_used_fuel_recipe</val>
        </fuel_outrecipes>
        <fuel_prefs>
          <val>0.1</val>
          <val>1.0</val>
        </fuel_prefs>
        <cycle_time>1</cycle_time>
        <n_assem_batch>1</n_assem_batch>
        <n_assem_core>1</n_assem_core>
        <assem_size>1</assem_size>
        <refuel_time>0</refuel_time>
        <recipe_change_times> <val>1</val> </recipe_change_times>
        <recipe_change_commods> <val>mox</val> </recipe_change_commods>
        <recipe_change_in> <val>mox_fuel_recipe</val> </recipe_change_in>
        <recipe_change_out> <val>mox_used_fuel_recipe</val> </recipe_change_out>
        <power_cap>.928</power_cap>
        <power_name>lwr_power</power_name>
        <pref_change_times> <val>4</val> </pref_change_times>
        <pref_change_commods> <val>uox</val> </pref_change_commods>
        <pref_change_values> <val>2.0</val> </pref_change_values>
        <usagemetadata> 
          <item>  
            <keyword>co2</keyword> 
            <usage>  
              <item>  
                <key>decommission</key>  
                <value>22</value>  
              </item>  
              <item>  
                <key>deployment</key>  
                <value>35</value>  
              </item>  
              <item>  
                <key>timestep</key>  
                <value>3</value>  
              </item>  
              <item>  
                <key>throughput</key>  
                <value>15</value>  
              </item>  
            </usage>  
          </item>  
         
          <item>  
            <keyword>water</keyword> 
            <usage>  
              <item>  
                <key>deployment</key>  
                <value>23</value>  
              </item>  
              <item>  
                <key>timestep</key>  
                <value>1</value>  
              </item>  
            </usage>  
          </item>  
         
          <item>  
            <keyword>land</keyword> 
            <usage>  
              <item>  
                <key>decommission</key>  
                <value>24</value>  
              </item>  
            </usage>  
          </item>  
         
          <item>  
            <keyword>manpower</keyword> 
            <usage>  
              <item>  
                <key>deployment</key>  
                <value>48</value>  
              </item>  
              <item>  
                <key>decommission</key>  
                <value>36</value>  
              </item>  
              <item>  
                <key>timestep</key>  
                <value>42</value>  
              </item>  
            </usage>  
          </item>  
        </usagemetadata>
      </Reactor>
    </config>
  </facility>

  <facility>
    <name>Reactor2</name>
    <lifetime>12</lifetime>
    <config>
      <Reactor>
        <fuel_incommods>
          <val>uox</val>
          <val>mox</val>
        </fuel_incommods>
        <fuel_inrecipes>
          <val>uox_fuel_recipe</val>
          <val>mox_fuel_recipe</val>
        </fuel_inrecipes>
        <fuel_outcommods>
          <val>waste</val>
          <val>waste</val>
        </fuel_outcommods>
        <fuel_outrecipes>
          <val>uox_used_fuel_recipe</val>
          <val>mox_used_fuel_recipe</val>
        </fuel_outrecipes>
        <fuel_prefs>
          <val>0.1</val>
          <val>1.0</val>
        </fuel_prefs>
        <cycle_time>1</cycle_time>
        <n_assem_batch>1</n_assem_batch>
        <n_assem_core>1</n_assem_core>
        <assem_size>1</assem_size>
        <refuel_time>0</refuel_time>
        <recipe_change_times> <val>1</val> </recipe_change_times>
        <recipe_change_commods> <val>mox</val> </recipe_change_commods>
        <recipe_change_in> <val>mox_fuel_recipe</val> </recipe_change_in>
        <recipe_change_out> <val>mox_used_fuel_recipe</val> </recipe_change_out>
        <power_cap>.928</power_cap>
        <power_name>lwr_power</power_name>
        <usagemetadata> 
          <item>  
            <keyword>co2</keyword> 
            <usage>  
              <item>  
                <key>decommission</key>  
                <value>25</value>  
              </item>  
              <item>  
                <key>deployment</key>  
                <value>45</value>  
              </item>  
              <item>  
                <key>timestep</key>  
                <value>4</value>  
              </item>  
              <item>  
                <key>throughput</key>  
                <value>15</value>  
              </item>  
            </usage>  
          </item>  
         
          <item>  
            <keyword>water</keyword> 
            <usage>  
              <item>  
                <key>deployment</key>  
                <value>43</value>  
              </item>  
              <item>  
                <key>timestep</key>  
                <value>3</value>  
              </item>  
            </usage>  
          </item>  
         
          <item>  
            <keyword>land</keyword> 
            <usage>  
              <item>  
                <key>decommission</key>  
                <value>24</value>  
              </item>  
              <item>  
                <key>decommission</key>  
                <value>78</value>  
              </item>  
            </usage>  
          </item>  
         
          <item>  
            <keyword>manpower</keyword> 
            <usage>  
              <item>  
                <key>decommission</key>  
                <value>32</value>  
              </item>  
              <item>  
                <key>deployment</key>  
                <value>53</value>  
              </item>  
              <item>  
                <key>timestep</key>  
                <value>23</value>  
              </item>  
            </usage>  
          </item>  
        </usagemetadata>
      </Reactor>
    </config>
  </facility>

  <facility>
    <name>Reactor3</name>
    <lifetime>15</lifetime>
    <config>
        <Reactor>
        <fuel_incommods>
          <val>uox</val>
          <val>mox</val>
        </fuel_incommods>
        <fuel_inrecipes>
          <val>uox_fuel_recipe</val>
          <val>mox_fuel_recipe</val>
        </fuel_inrecipes>
        <fuel_outcommods>
          <val>waste</val>
          <val>waste</val>
        </fuel_outcommods>
        <fuel_outrecipes>
          <val>uox_used_fuel_recipe</val>
          <val>mox_used_fuel_recipe</val>
        </fuel_outrecipes>
        <fuel_prefs>
          <val>0.1</val>
          <val>0.5</val>
        </fuel_prefs>
        <cycle_time>1</cycle_time>
        <n_assem_batch>1</n_assem_batch>
        <n_assem_core>1</n_assem_core>
        <assem_size>1</assem_size>
        <refuel_time>0</refuel_time>
        <recipe_change_times> <val>1</val> </recipe_change_times>
        <recipe_change_commods> <val>mox</val> </recipe_change_commods>
        <recipe_change_in> <val>mox_fuel_recipe</val> </recipe_change_in>
        <recipe_change_out> <val>mox_used_fuel_recipe</val> </recipe_change_out>
        <power_cap>.928</power_cap>
        <power_name>lwr_power</power_name>
        <usagemetadata> 
          <item>  
            <keyword>co2</keyword> 
            <usage>  
              <item>  
                <key>decommission</key>  
                <value>25</value>  
              </item>  
              <item>  
                <key>deployment</key>  
                <value>45</value>  
              </item>  
              <item>  
                <key>timestep</key>  
                <value>2</value>  
              </item>  
              <item>  
                <key>throughput</key>  
                <value>15</value>  
              </item>  
            </usage>  
          </item>  
         
          <item>  
            <keyword>water</keyword> 
            <usage>  
              <item>  
                <key>deployment</key>  
                <value>43</value>  
              </item>  
              <item>  
                <key>decommission</key>  
                <value>24</value>  
              </item>  
            </usage>  
          </item>  
         
          <item>  
            <keyword>land</keyword> 
            <usage>  
              <item>  
                <key>decommission</key>  
                <value>24</value>  
              </item>  
              <item>  
                <key>timestep</key>  
                <value>2</value>  
              </item>  
            </usage>  
          </item>  
         
          <item>  
            <keyword>manpower</keyword> 
            <usage>  
              <item>  
                <key>decommission</key>  
                <value>12</value>  
              </item>  
              <item>  
                <key>deployment</key>  
                <value>43</value>  
              </item>  
              <item>  
                <key>timestep</key>  
                <value>32</value>  
              </item>  
            </usage>  
          </item>  
        </usagemetadata> 
      </Reactor>
    </config>
  </facility>

  <region>
    <name>SingleRegion</name>
    <config>
      <NullRegion/>
    </config>
    <institution>
      <name>SingleInstitution</name>
      <config>
        <DeployInst>
          <prototypes>
            <val>UOX_Source</val>
            <val>MOX_Source</val>
            <val>Reactor1</val>
            <val>Reactor1</val>
            <val>Reactor1</val>
            <val>Reactor2</val>
            <val>Reactor2</val>
            <val>Reactor2</val>
            <val>Reactor3</val>
            <val>Reactor3</val>
            <val>Reactor3</val>
            <val>Reactor1</val>
            <val>Reactor1</val>
            <val>Reactor1</val>
            <val>Reactor2</val>
            <val>Reactor2</val>
            <val>Reactor2</val>
            <val>Reactor3</val>
            <val>Reactor3</val>
            <val>Reactor3</val>
          </prototypes>
          <build_times>
            <val>1</val>
            <val>1</val>
            
            <val>1</val>
            <val>2</val>
            <val>3</val>
            <val>4</val>
            <val>5</val>
            <val>6</val>
            <val>7</val>
            <val>8</val>
            <val>9</val>
            
            <val>11</val>
            <val>12</val>
            <val>16</val>
            <val>24</val>
            <val>27</val>
            <val>30</val>
            <val>31</val>
            <val>35</val>
            <val>38</val>
          </build_times>
          <n_build>
            <val>1</val>
            <val>1</val>
            
            <val>6</val>
            <val>1</val>
            <val>5</val>
            <val>1</val>
            <val>4</val>
            <val>1</val>
            <val>3</val>
            <val>1</val>
            <val>2</val>
            
            <val>2</val>
            <val>1</val>
            <val>3</val>
            <val>7</val>
            <val>8</val>
            <val>3</val>
            <val>2</val>
            <val>1</val>
            <val>4</val>
          </n_build>
        </DeployInst>
      </config>
    </institution>
  </region>

  <recipe>
    <name>natl_u</name>
    <basis>mass</basis>
    <nuclide> <id>922350000</id> <comp>0.711</comp> </nuclide>
    <nuclide> <id>922380000</id> <comp>99.289</comp> </nuclide>
  </recipe>

  <recipe>
    <name>uox_fuel_recipe</name>
    <basis>mass</basis>
    <nuclide> <id>922350000</id> <comp>4.0</comp> </nuclide>
    <nuclide> <id>922380000</id> <comp>96.0</comp> </nuclide>
  </recipe>

  <recipe>
    <name>uox_used_fuel_recipe</name>
    <basis>mass</basis>
    <nuclide> <id>922350000</id> <comp>156.729</comp> </nuclide>
    <nuclide> <id>922360000</id> <comp>102.103</comp> </nuclide>
    <nuclide> <id>922380000</id> <comp>18280.324</comp> </nuclide>
    <nuclide> <id>932370000</id> <comp>13.656</comp> </nuclide>
    <nuclide> <id>942380000</id> <comp>5.043</comp> </nuclide>
    <nuclide> <id>942390000</id> <comp>106.343</comp> </nuclide>
    <nuclide> <id>942400000</id> <comp>41.357</comp> </nuclide>
    <nuclide> <id>942410000</id> <comp>36.477</comp> </nuclide>
    <nuclide> <id>942420000</id> <comp>15.387</comp> </nuclide>
    <nuclide> <id>952410000</id> <comp>1.234</comp> </nuclide>
    <!-- <nuclide> --> <!--   <id>95242m</id> --> <!--   <comp>0.03</comp> --> <!-- </nuclide> -->
    <nuclide> <id>952430000</id> <comp>3.607</comp> </nuclide>
    <nuclide> <id>962440000</id> <comp>0.431</comp> </nuclide>
    <nuclide> <id>962450000</id> <comp>1.263</comp> </nuclide>
  </recipe>

  <recipe>
    <name>mox_fuel_recipe</name>
    <basis>mass</basis>
    <nuclide> <id>922340000</id> <comp>0.0002</comp> </nuclide>
    <nuclide> <id>922350000</id> <comp>0.0018</comp> </nuclide>
    <nuclide> <id>922360000</id> <comp>0.01</comp> </nuclide>
    <nuclide> <id>922380000</id><comp>0.8973</comp> </nuclide>
    <nuclide> <id>942380000</id> <comp>0.0032</comp> </nuclide>
    <nuclide> <id>942390000</id> <comp>0.0507</comp> </nuclide>
    <nuclide> <id>942400000</id> <comp>0.0247</comp> </nuclide>
    <nuclide> <id>942410000</id> <comp>0.0134</comp> </nuclide>
    <nuclide> <id>942420000</id> <comp>0.0085</comp> </nuclide>
    <nuclide> <id>080160000</id> <comp>0.13</comp> </nuclide>
  </recipe>

  <recipe>
    <name>mox_used_fuel_recipe</name>
    <basis>mass</basis>
    <nuclide> <id>922350000</id> <comp>0.01</comp> </nuclide>
    <nuclide> <id>922380000</id> <comp>0.94</comp> </nuclide>
    <nuclide> <id>922360000</id> <comp>0.03</comp> </nuclide>
    <nuclide> <id>080160000</id> <comp>0.13</comp> </nuclide>
    <nuclide> <id>942390000</id> <comp>0.02</comp> </nuclide>
  </recipe>

</simulation>
